Start testing: Jan 26 12:35 EST
----------------------------------------------------------
1/2 Testing: qa_sqrt
1/2 Test: qa_sqrt
Command: "/bin/sh" "/home/wbarnhart/gr-gmuground/build/python/qa_sqrt_test.sh"
Directory: /home/wbarnhart/gr-gmuground/build/python
"qa_sqrt" start time: Jan 26 12:35 EST
Output:
----------------------------------------------------------
E
======================================================================
ERROR: test_001_t (__main__.qa_sqrt)
----------------------------------------------------------------------
Traceback (most recent call last):
  File "/home/wbarnhart/gr-gmuground/python/qa_sqrt.py", line 40, in test_001_t
    self.tb.connect(src, sqr)
  File "/usr/lib/python2.7/dist-packages/gnuradio/gr/hier_block2.py", line 47, in wrapped
    func(self, src, src_port, dst, dst_port)
  File "/usr/lib/python2.7/dist-packages/gnuradio/gr/hier_block2.py", line 110, in connect
    self.primitive_connect(*args)
  File "/usr/lib/python2.7/dist-packages/gnuradio/gr/runtime_swig.py", line 5307, in primitive_connect
    return _runtime_swig.top_block_sptr_primitive_connect(self, *args)
ValueError: itemsize mismatch: vector_source_f1:0 using 4, Square Root1:0 using 8

----------------------------------------------------------------------
Ran 1 test in 0.001s

FAILED (errors=1)
<end of output>
Test time =   0.21 sec
----------------------------------------------------------
Test Failed.
"qa_sqrt" end time: Jan 26 12:35 EST
"qa_sqrt" time elapsed: 00:00:00
----------------------------------------------------------

2/2 Testing: qa_snr_selector
2/2 Test: qa_snr_selector
Command: "/bin/sh" "/home/wbarnhart/gr-gmuground/build/python/qa_snr_selector_test.sh"
Directory: /home/wbarnhart/gr-gmuground/build/python
"qa_snr_selector" start time: Jan 26 12:35 EST
Output:
----------------------------------------------------------
.
----------------------------------------------------------------------
Ran 1 test in 0.000s

OK
<end of output>
Test time =   0.21 sec
----------------------------------------------------------
Test Passed.
"qa_snr_selector" end time: Jan 26 12:35 EST
"qa_snr_selector" time elapsed: 00:00:00
----------------------------------------------------------

End testing: Jan 26 12:35 EST
